[debug] [2023-01-06T07:53:48.790Z] ----------------------------------------------------------------------
[debug] [2023-01-06T07:53:48.793Z] Command:       /Users/apandya/.nvm/versions/node/v19.0.0/bin/node /Users/apandya/.nvm/versions/node/v19.0.0/bin/firebase deploy
[debug] [2023-01-06T07:53:48.793Z] CLI Version:   11.19.0
[debug] [2023-01-06T07:53:48.793Z] Platform:      darwin
[debug] [2023-01-06T07:53:48.793Z] Node Version:  v19.0.0
[debug] [2023-01-06T07:53:48.794Z] Time:          Fri Jan 06 2023 13:23:48 GMT+0530 (India Standard Time)
[debug] [2023-01-06T07:53:48.794Z] ----------------------------------------------------------------------
[debug] 
[debug] [2023-01-06T07:53:48.843Z] > command requires scopes: ["email","openid","https://www.googleapis.com/auth/cloudplatformprojects.readonly","https://www.googleapis.com/auth/firebase","https://www.googleapis.com/auth/cloud-platform"]
[debug] [2023-01-06T07:53:48.844Z] > authorizing via signed-in user (akashkpandya@gmail.com)
[debug] [2023-01-06T07:53:48.844Z] [iam] checking project maxor-pwa for permissions ["firebase.projects.get","firebasehosting.sites.update"]
[debug] [2023-01-06T07:53:48.846Z] >>> [apiv2][query] POST https://cloudresourcemanager.googleapis.com/v1/projects/maxor-pwa:testIamPermissions [none]
[debug] [2023-01-06T07:53:48.846Z] >>> [apiv2][(partial)header] POST https://cloudresourcemanager.googleapis.com/v1/projects/maxor-pwa:testIamPermissions x-goog-quota-user=projects/maxor-pwa
[debug] [2023-01-06T07:53:48.846Z] >>> [apiv2][body] POST https://cloudresourcemanager.googleapis.com/v1/projects/maxor-pwa:testIamPermissions {"permissions":["firebase.projects.get","firebasehosting.sites.update"]}
[debug] [2023-01-06T07:53:49.701Z] <<< [apiv2][status] POST https://cloudresourcemanager.googleapis.com/v1/projects/maxor-pwa:testIamPermissions 200
[debug] [2023-01-06T07:53:49.701Z] <<< [apiv2][body] POST https://cloudresourcemanager.googleapis.com/v1/projects/maxor-pwa:testIamPermissions {"permissions":["firebase.projects.get","firebasehosting.sites.update"]}
[debug] [2023-01-06T07:53:49.702Z] >>> [apiv2][query] GET https://firebase.googleapis.com/v1beta1/projects/maxor-pwa [none]
[debug] [2023-01-06T07:53:50.523Z] <<< [apiv2][status] GET https://firebase.googleapis.com/v1beta1/projects/maxor-pwa 200
[debug] [2023-01-06T07:53:50.524Z] <<< [apiv2][body] GET https://firebase.googleapis.com/v1beta1/projects/maxor-pwa {"projectId":"maxor-pwa","projectNumber":"1082575576782","displayName":"maxor-pwa","name":"projects/maxor-pwa","resources":{"hostingSite":"maxor-pwa"},"state":"ACTIVE","etag":"1_eef08e1a-3c4c-4c17-9d25-ad83921d0ee6"}
[debug] [2023-01-06T07:53:53.284Z] >>> [apiv2][query] GET https://firebasehosting.googleapis.com/v1beta1/projects/maxor-pwa/sites pageToken=&pageSize=10
[debug] [2023-01-06T07:53:54.354Z] <<< [apiv2][status] GET https://firebasehosting.googleapis.com/v1beta1/projects/maxor-pwa/sites 200
[debug] [2023-01-06T07:53:54.354Z] <<< [apiv2][body] GET https://firebasehosting.googleapis.com/v1beta1/projects/maxor-pwa/sites {"sites":[{"name":"projects/maxor-pwa/sites/maxor-pwa","defaultUrl":"https://maxor-pwa.web.app","appId":"1:1082575576782:web:0f9dc48316a9896665ba9f","type":"DEFAULT_SITE"}]}
[debug] [2023-01-06T07:53:54.354Z] >>> [apiv2][query] GET https://firebase.googleapis.com/v1beta1/projects/-/webApps/1:1082575576782:web:0f9dc48316a9896665ba9f/config [none]
[debug] [2023-01-06T07:53:54.759Z] <<< [apiv2][status] GET https://firebase.googleapis.com/v1beta1/projects/-/webApps/1:1082575576782:web:0f9dc48316a9896665ba9f/config 200
[debug] [2023-01-06T07:53:54.759Z] <<< [apiv2][body] GET https://firebase.googleapis.com/v1beta1/projects/-/webApps/1:1082575576782:web:0f9dc48316a9896665ba9f/config {"projectId":"maxor-pwa","appId":"1:1082575576782:web:0f9dc48316a9896665ba9f","storageBucket":"maxor-pwa.appspot.com","apiKey":"AIzaSyB22_z4Karwovf3gCjPdFYgTZ_Ib2c3i6Y","authDomain":"maxor-pwa.firebaseapp.com","messagingSenderId":"1082575576782"}
[debug] [2023-01-06T07:53:55.636Z] Error: Epic fail.
    at prepareFrameworks (/Users/apandya/.nvm/versions/node/v19.0.0/lib/node_modules/firebase-tools/lib/frameworks/index.js:228:19)
    at async deploy (/Users/apandya/.nvm/versions/node/v19.0.0/lib/node_modules/firebase-tools/lib/deploy/index.js:53:13)
[error] 
[error] Error: An unexpected error has occurred.
